Created user 'orcd_rtm' (email: orcd_rtm@example.edu)
Generated new API token for 'orcd_rtm'
API Token: 246dcf3940c205e3b356a26c5dfa58f1de18796e
Added 'orcd_rtm' to 'Rate Manager' group

User creation complete.
Created user 'orcd_bim' (email: orcd_bim@example.edu)
Generated new API token for 'orcd_bim'
API Token: 965917a3b6a4002b8e3e0bf758290953185714b2
Added 'orcd_bim' to 'Billing Manager' group

User creation complete.
Created user 'orcd_rem' (email: orcd_rem@example.edu)
Generated new API token for 'orcd_rem'
API Token: 7fc3dcaa79d7e036ef38b69a41cd639741f92487
Added 'orcd_rem' to 'Rental Manager' group

User creation complete.
Created user 'orcd_u0' (email: orcd_u0@example.edu)
Generated new API token for 'orcd_u0'
API Token: b4f74db18b9fc1a6687240527d2fd6d3ac6f2ea8

User creation complete.
Created user 'orcd_u1' (email: orcd_u1@example.edu)
Generated new API token for 'orcd_u1'
API Token: b6366a57fc7c371b77f11e77d15c2ef573855ce8

User creation complete.
Created user 'orcd_u2' (email: orcd_u2@example.edu)
Generated new API token for 'orcd_u2'
API Token: 203aa2eac765458293190f9cd1f13a4146be67ca

User creation complete.
Created user 'orcd_u3' (email: orcd_u3@example.edu)
Generated new API token for 'orcd_u3'
API Token: 099530a58b1a7d8fc38305230262c1950d862305

User creation complete.
Created user 'orcd_u4' (email: orcd_u4@example.edu)
Generated new API token for 'orcd_u4'
API Token: 21c6d2f290767104c2506f4ba87cfc117bbbe285

User creation complete.
Created user 'orcd_u5' (email: orcd_u5@example.edu)
Generated new API token for 'orcd_u5'
API Token: 728e0e2a57008a69808a5d0b8b5345d389b21fc6

User creation complete.
Created user 'orcd_u6' (email: orcd_u6@example.edu)
Generated new API token for 'orcd_u6'
API Token: 767412051cef29f20a4b3d5f2aa6ce04f1446024

User creation complete.
Created user 'orcd_u7' (email: orcd_u7@example.edu)
Generated new API token for 'orcd_u7'
API Token: e974c72546baf762be48db673ab09dc8fe524b62

User creation complete.
Created user 'orcd_u8' (email: orcd_u8@example.edu)
Generated new API token for 'orcd_u8'
API Token: d515c5c683e5d39d397f573ef52b0d2e239db49f

User creation complete.
Created user 'orcd_u9' (email: orcd_u9@example.edu)
Generated new API token for 'orcd_u9'
API Token: 85772ea75c7cefb3a0059a11e147dd855b31402a

User creation complete.
